-------------------------------------------------------------------------------
Test set: com.zemoso.pomodoroapp.repositorytests.TaskTests
-------------------------------------------------------------------------------
Tests run: 2, Failures: 0, Errors: 2, Skipped: 0, Time elapsed: 6.038 s <<< FAILURE! - in com.zemoso.pomodoroapp.repositorytests.TaskTests
saveTaskCreate  Time elapsed: 0.295 s  <<< ERROR!
org.springframework.dao.DataIntegrityViolationException: could not execute statement; SQL [n/a]; constraint [null]; nested exception is org.hibernate.exception.ConstraintViolationException: could not execute statement
	at com.zemoso.pomodoroapp.repositorytests.TaskTests.saveTaskCreate(TaskTests.java:55)
Caused by: org.hibernate.exception.ConstraintViolationException: could not execute statement
	at com.zemoso.pomodoroapp.repositorytests.TaskTests.saveTaskCreate(TaskTests.java:55)
Caused by: java.sql.SQLIntegrityConstraintViolationException: Column 'user_id' cannot be null
	at com.zemoso.pomodoroapp.repositorytests.TaskTests.saveTaskCreate(TaskTests.java:55)

returnTaskList_givenUserId  Time elapsed: 0.009 s  <<< ERROR!
java.lang.NullPointerException
	at com.zemoso.pomodoroapp.repositorytests.TaskTests.returnTaskList_givenUserId(TaskTests.java:62)

