-------------------------------------------------------------------------------
Test set: com.zemoso.pomodoroapp.repositorytests.PomodoroTests
-------------------------------------------------------------------------------
Tests run: 2, Failures: 0, Errors: 1, Skipped: 0, Time elapsed: 0.222 s <<< FAILURE! - in com.zemoso.pomodoroapp.repositorytests.PomodoroTests
givenPomodoroObject_whenSave_thenReturnSavedPomodoro  Time elapsed: 0.024 s  <<< ERROR!
org.springframework.dao.DataIntegrityViolationException: could not execute statement; SQL [n/a]; constraint [null]; nested exception is org.hibernate.exception.ConstraintViolationException: could not execute statement
	at com.zemoso.pomodoroapp.repositorytests.PomodoroTests.givenPomodoroObject_whenSave_thenReturnSavedPomodoro(PomodoroTests.java:71)
Caused by: org.hibernate.exception.ConstraintViolationException: could not execute statement
	at com.zemoso.pomodoroapp.repositorytests.PomodoroTests.givenPomodoroObject_whenSave_thenReturnSavedPomodoro(PomodoroTests.java:71)
Caused by: java.sql.SQLIntegrityConstraintViolationException: Column 'task_id' cannot be null
	at com.zemoso.pomodoroapp.repositorytests.PomodoroTests.givenPomodoroObject_whenSave_thenReturnSavedPomodoro(PomodoroTests.java:71)

